INF [20130802-15:24:39.590] thr=1   paramiko.transport: Connected (version 2.0, client paramiko_1.10.1)
INF [20130802-15:24:39.770] thr=2   paramiko.transport: Connected (version 2.0, client paramiko_1.10.1)
INF [20130802-15:24:39.885] thr=2   paramiko.transport: Auth rejected (password).
INF [20130802-15:24:57.778] thr=1   paramiko.transport: Connected (version 2.0, client paramiko_1.10.1)
INF [20130802-15:28:50.942] thr=1   paramiko.transport: Connected (version 2.0, client paramiko_1.10.1)
INF [20130802-15:28:51.061] thr=3   paramiko.transport: Connected (version 2.0, client paramiko_1.10.1)
INF [20130802-15:28:51.202] thr=3   paramiko.transport: Auth rejected (password).
INF [20130802-15:29:31.307] thr=4   paramiko.transport: Connected (version 2.0, client paramiko_1.10.1)
INF [20130802-15:32:24.837] thr=5   paramiko.transport: Connected (version 2.0, client paramiko_1.10.1)
INF [20130802-15:32:25.009] thr=6   paramiko.transport: Connected (version 2.0, client paramiko_1.10.1)
INF [20130802-15:32:25.125] thr=6   paramiko.transport: Auth rejected (password).
INF [20130802-15:34:41.948] thr=7   paramiko.transport: Connected (version 2.0, client paramiko_1.10.1)
INF [20130802-15:34:42.106] thr=8   paramiko.transport: Connected (version 2.0, client paramiko_1.10.1)
INF [20130802-15:34:42.220] thr=8   paramiko.transport: Auth rejected (password).
INF [20130802-15:35:03.554] thr=9   paramiko.transport: Connected (version 2.0, client paramiko_1.10.1)
INF [20130802-15:35:07.288] thr=10  paramiko.transport: Connected (version 2.0, client paramiko_1.10.1)
INF [20130802-15:35:07.442] thr=11  paramiko.transport: Connected (version 2.0, client paramiko_1.10.1)
INF [20130802-15:35:07.555] thr=11  paramiko.transport: Auth rejected (password).
INF [20130802-15:35:16.647] thr=10  paramiko.transport: Connected (version 2.0, client paramiko_1.10.1)
INF [20130802-15:35:16.770] thr=12  paramiko.transport: Connected (version 2.0, client paramiko_1.10.1)
INF [20130802-15:35:16.879] thr=12  paramiko.transport: Auth rejected (password).
INF [20130802-15:47:53.581] thr=13  paramiko.transport: Connected (version 2.0, client paramiko_1.10.1)
INF [20130802-15:47:53.703] thr=14  paramiko.transport: Connected (version 2.0, client paramiko_1.10.1)
INF [20130802-15:47:53.885] thr=14  paramiko.transport: Auth rejected (password).
INF [20130802-15:55:27.470] thr=14  paramiko.transport: Connected (version 2.0, client paramiko_1.10.1)
INF [20130802-15:58:59.466] thr=15  paramiko.transport: Connected (version 2.0, client paramiko_1.10.1)
INF [20130802-15:58:59.644] thr=14  paramiko.transport: Connected (version 2.0, client paramiko_1.10.1)
INF [20130802-15:58:59.760] thr=14  paramiko.transport: Auth rejected (password).
INF [20130802-16:00:06.484] thr=15  paramiko.transport: Connected (version 2.0, client paramiko_1.10.1)
INF [20130802-16:00:06.662] thr=16  paramiko.transport: Connected (version 2.0, client paramiko_1.10.1)
INF [20130802-16:00:06.836] thr=16  paramiko.transport: Auth rejected (password).
INF [20130802-16:02:54.672] thr=14  paramiko.transport: Connected (version 2.0, client paramiko_1.10.1)
INF [20130802-16:02:54.844] thr=14  paramiko.transport: Auth rejected (password).
INF [20130802-16:04:28.455] thr=17  paramiko.transport: Connected (version 2.0, client paramiko_1.10.1)
INF [20130802-16:04:28.602] thr=17  paramiko.transport: Auth rejected (password).
INF [20130802-16:06:39.141] thr=17  paramiko.transport: Connected (version 2.0, client paramiko_1.10.1)
INF [20130802-16:06:39.285] thr=17  paramiko.transport: Auth granted (password).
INF [20130802-16:06:39.289] thr=17  paramiko.transport: Secsh channel 1 (session) opened.
INF [20130802-16:07:51.487] thr=18  paramiko.transport: Connected (version 2.0, client paramiko_1.10.1)
INF [20130802-16:07:51.642] thr=19  paramiko.transport: Connected (version 2.0, client paramiko_1.10.1)
INF [20130802-16:07:51.762] thr=19  paramiko.transport: Auth granted (password).
INF [20130802-16:07:51.767] thr=19  paramiko.transport: Secsh channel 1 (session) opened.
INF [20130802-16:08:27.878] thr=20  paramiko.transport: Connected (version 2.0, client paramiko_1.10.1)
INF [20130802-16:08:28.052] thr=21  paramiko.transport: Connected (version 2.0, client paramiko_1.10.1)
INF [20130802-16:08:28.173] thr=21  paramiko.transport: Auth granted (password).
INF [20130802-16:08:28.178] thr=21  paramiko.transport: Secsh channel 1 (session) opened.
INF [20130802-16:10:42.957] thr=22  paramiko.transport: Connected (version 2.0, client paramiko_1.10.1)
INF [20130802-16:10:43.085] thr=22  paramiko.transport: Auth granted (publickey).
INF [20130802-16:10:43.087] thr=22  paramiko.transport: Secsh channel 1 (session) opened.
INF [20130802-16:11:23.365] thr=23  paramiko.transport: Connected (version 2.0, client OpenSSH_6.1p1)
INF [20130802-16:11:23.456] thr=23  paramiko.transport: Auth rejected (none).
INF [20130802-16:11:23.461] thr=23  paramiko.transport: Auth granted (publickey).
INF [20130802-16:11:23.462] thr=23  paramiko.transport: Secsh channel 1 (session) opened.
INF [20130802-16:11:25.785] thr=23  paramiko.transport: Disconnect (code 11): disconnected by user
